09:38:55:285 [ALWAYS]	GUDE Logging Started
09:38:55:285 [INFO]	SqliteResumeCache::SqliteResumeCache basedirectory is null/empty
09:38:55:285 [ERROR]	SqliteResumeCache::CreateSqliteResumeCache creating resume cache pointer failure
09:38:55:285 [ERROR]	Initialize resume cache pointer failure
09:38:55:286 [INFO]	gude policy POLICY_USER limit (2,2,1) chunk 2097152, chunking (UL 0 DL 1), resXfer 1, adapt 0, NSURL 0, timeout 86400 
09:38:55:286 [INFO]	Initialized -- gude-lib version: v0.12.1 app: gude
09:38:57:947 [WARN]	Ignoring attempt to reinit logging to \gude at level 4 retaining 3 days of logs
09:38:57:947 [INFO]	SqliteResumeCache::SqliteResumeCache basedirectory is null/empty
09:38:57:947 [ERROR]	SqliteResumeCache::CreateSqliteResumeCache creating resume cache pointer failure
09:38:57:948 [ERROR]	Initialize resume cache pointer failure
09:38:57:948 [INFO]	gude policy POLICY_USER limit (4,4,1) chunk 2097152, chunking (UL 0 DL 1), resXfer 1, adapt 0, NSURL 1, timeout 86400 
09:38:57:948 [INFO]	Initialized -- gude-lib version: v0.12.1 app: gude
09:46:09:412 [ALWAYS]	GUDE Logging Started
09:46:09:413 [INFO]	SqliteResumeCache::SqliteResumeCache basedirectory is null/empty
09:46:09:413 [ERROR]	SqliteResumeCache::CreateSqliteResumeCache creating resume cache pointer failure
09:46:09:413 [ERROR]	Initialize resume cache pointer failure
09:46:09:413 [INFO]	gude policy POLICY_USER limit (2,2,1) chunk 2097152, chunking (UL 0 DL 1), resXfer 1, adapt 0, NSURL 0, timeout 86400 
09:46:09:413 [INFO]	Initialized -- gude-lib version: v0.12.1 app: gude
09:46:11:027 [WARN]	Ignoring attempt to reinit logging to \gude at level 4 retaining 3 days of logs
09:46:11:028 [INFO]	SqliteResumeCache::SqliteResumeCache basedirectory is null/empty
09:46:11:028 [ERROR]	SqliteResumeCache::CreateSqliteResumeCache creating resume cache pointer failure
09:46:11:028 [ERROR]	Initialize resume cache pointer failure
09:46:11:028 [INFO]	gude policy POLICY_USER limit (4,4,1) chunk 2097152, chunking (UL 0 DL 1), resXfer 1, adapt 0, NSURL 1, timeout 86400 
09:46:11:028 [INFO]	Initialized -- gude-lib version: v0.12.1 app: gude
